<?xml version="1.0" encoding="UTF-8"?>
<!-- Generated by org.testng.reporters.JUnitXMLReporter -->
<testsuite ignored="0" hostname="Syeds-Air" failures="0" tests="3" name="Default test" time="1.3" errors="0" timestamp="2023-01-21T22:06:52 EST">
  <testcase classname="testCases.DataDrivenTest" name="ddt" time="0.396"/>
  <testcase classname="testCases.DataDrivenTest" name="ddt" time="0.288"/>
  <testcase classname="testCases.DataDrivenTest" name="ddt" time="0.323"/>
</testsuite> <!-- Default test -->
