<?xml version="1.0" encoding="UTF-8"?>
<testng-results ignored="0" total="3" passed="3" failed="0" skipped="0">
  <reporter-output>
  </reporter-output>
  <suite started-at="2023-01-14T16:10:28 EST" name="Default suite" finished-at="2023-01-14T16:10:29 EST" duration-ms="1812">
    <groups>
    </groups>
    <test started-at="2023-01-14T16:10:28 EST" name="Default test" finished-at="2023-01-14T16:10:29 EST" duration-ms="1812">
      <class name="testCases.LoginTest">
        <test-method is-config="true" signature="setUp(java.lang.String)[pri:0, instance:testCases.LoginTest@14dd9eb7]" started-at="2023-01-14T16:10:25 EST" name="setUp" finished-at="2023-01-14T16:10:28 EST" duration-ms="2416" status="PASS">
          <params>
            <param index="0">
              <value>
                <![CDATA[firefox]]>
              </value>
            </param>
          </params>
          <reporter-output>
          </reporter-output>
        </test-method> <!-- setUp -->
        <test-method signature="login(java.lang.String,java.lang.String)[pri:0, instance:testCases.LoginTest@14dd9eb7]" started-at="2023-01-14T16:10:28 EST" name="login" data-provider="logindata" finished-at="2023-01-14T16:10:28 EST" duration-ms="569" status="PASS">
          <params>
            <param index="0">
              <value>
                <![CDATA[prince.ali23k@gmail.com]]>
              </value>
            </param>
            <param index="1">
              <value>
                <![CDATA[p@ssword1]]>
              </value>
            </param>
          </params>
          <reporter-output>
          </reporter-output>
        </test-method> <!-- login -->
        <test-method signature="login(java.lang.String,java.lang.String)[pri:0, instance:testCases.LoginTest@14dd9eb7]" started-at="2023-01-14T16:10:28 EST" name="login" data-provider="logindata" finished-at="2023-01-14T16:10:29 EST" duration-ms="703" status="PASS">
          <params>
            <param index="0">
              <value>
                <![CDATA[testcase1.com]]>
              </value>
            </param>
            <param index="1">
              <value>
                <![CDATA[p@ssword1]]>
              </value>
            </param>
          </params>
          <reporter-output>
          </reporter-output>
        </test-method> <!-- login -->
        <test-method signature="login(java.lang.String,java.lang.String)[pri:0, instance:testCases.LoginTest@14dd9eb7]" started-at="2023-01-14T16:10:29 EST" name="login" data-provider="logindata" finished-at="2023-01-14T16:10:29 EST" duration-ms="517" status="PASS">
          <params>
            <param index="0">
              <value>
                <![CDATA[testcase2@icloud]]>
              </value>
            </param>
            <param index="1">
              <value>
                <![CDATA[p@ssword1]]>
              </value>
            </param>
          </params>
          <reporter-output>
          </reporter-output>
        </test-method> <!-- login -->
        <test-method is-config="true" signature="tearDown()[pri:0, instance:testCases.LoginTest@14dd9eb7]" started-at="2023-01-14T16:10:29 EST" name="tearDown" finished-at="2023-01-14T16:10:29 EST" duration-ms="0" status="PASS">
          <reporter-output>
          </reporter-output>
        </test-method> <!-- tearDown -->
      </class> <!-- testCases.LoginTest -->
    </test> <!-- Default test -->
  </suite> <!-- Default suite -->
</testng-results>
